[INFO] Scanning for projects...
[INFO] 
[INFO] --------------------< com.readmeister:readmeister >---------------------
[INFO] Building readmeister 0.0.1-SNAPSHOT
[INFO]   from pom.xml
[INFO] --------------------------------[ jar ]---------------------------------
[INFO] 
[INFO] --- resources:3.3.1:resources (default-resources) @ readmeister ---
[INFO] Copying 1 resource from src\main\resources to target\classes
[INFO] Copying 0 resource from src\main\resources to target\classes
[INFO] 
[INFO] --- compiler:3.11.0:compile (default-compile) @ readmeister ---
[INFO] Changes detected - recompiling the module! :source
[INFO] Compiling 18 source files with javac [debug release 17] to target\classes
[WARNING] /S:/Siddheshwar/projects/readmeister/readmeister-backend/src/main/java/com/readmeister/app/model/User.java:[22,17] @Builder will ignore the initializing expression entirely. If you want the initializing expression to serve as default, add @Builder.Default. If it is not supposed to be settable during building, make the field final.
[WARNING] /S:/Siddheshwar/projects/readmeister/readmeister-backend/src/main/java/com/readmeister/app/model/User.java:[27,21] @Builder will ignore the initializing expression entirely. If you want the initializing expression to serve as default, add @Builder.Default. If it is not supposed to be settable during building, make the field final.
[WARNING] /S:/Siddheshwar/projects/readmeister/readmeister-backend/src/main/java/com/readmeister/app/model/User.java:[28,21] @Builder will ignore the initializing expression entirely. If you want the initializing expression to serve as default, add @Builder.Default. If it is not supposed to be settable during building, make the field final.
[WARNING] /S:/Siddheshwar/projects/readmeister/readmeister-backend/src/main/java/com/readmeister/app/model/Document.java:[20,20] @Builder will ignore the initializing expression entirely. If you want the initializing expression to serve as default, add @Builder.Default. If it is not supposed to be settable during building, make the field final.
[WARNING] /S:/Siddheshwar/projects/readmeister/readmeister-backend/src/main/java/com/readmeister/app/model/Document.java:[23,20] @Builder will ignore the initializing expression entirely. If you want the initializing expression to serve as default, add @Builder.Default. If it is not supposed to be settable during building, make the field final.
[WARNING] /S:/Siddheshwar/projects/readmeister/readmeister-backend/src/main/java/com/readmeister/app/model/Document.java:[25,26] @Builder will ignore the initializing expression entirely. If you want the initializing expression to serve as default, add @Builder.Default. If it is not supposed to be settable during building, make the field final.
[WARNING] /S:/Siddheshwar/projects/readmeister/readmeister-backend/src/main/java/com/readmeister/app/model/Document.java:[29,20] @Builder will ignore the initializing expression entirely. If you want the initializing expression to serve as default, add @Builder.Default. If it is not supposed to be settable during building, make the field final.
[WARNING] /S:/Siddheshwar/projects/readmeister/readmeister-backend/src/main/java/com/readmeister/app/model/Document.java:[30,20] @Builder will ignore the initializing expression entirely. If you want the initializing expression to serve as default, add @Builder.Default. If it is not supposed to be settable during building, make the field final.
[WARNING] /S:/Siddheshwar/projects/readmeister/readmeister-backend/src/main/java/com/readmeister/app/model/Document.java:[35,21] @Builder will ignore the initializing expression entirely. If you want the initializing expression to serve as default, add @Builder.Default. If it is not supposed to be settable during building, make the field final.
[WARNING] /S:/Siddheshwar/projects/readmeister/readmeister-backend/src/main/java/com/readmeister/app/model/Document.java:[36,21] @Builder will ignore the initializing expression entirely. If you want the initializing expression to serve as default, add @Builder.Default. If it is not supposed to be settable during building, make the field final.
[INFO] ------------------------------------------------------------------------
[INFO] BUILD SUCCESS
[INFO] ------------------------------------------------------------------------
[INFO] Total time:  3.655 s
[INFO] Finished at: 2026-03-26T10:24:55+05:30
[INFO] ------------------------------------------------------------------------
